#
# A fatal error has been detected by the Java Runtime Environment:
#
#  Internal Error (javaClasses.cpp:136), pid=6628, tid=960
#  fatal error: Invalid layout of preloaded class
#
# JRE version:  (7.0_45-b18) (build )
# Java VM: Java HotSpot(TM) 64-Bit Server VM (24.45-b08 mixed mode windows-amd64 compressed oops)
# Failed to write core dump. Minidumps are not enabled by default on client versions of Windows
#
# If you would like to submit a bug report, please visit:
#   http://bugreport.sun.com/bugreport/crash.jsp
#

---------------  T H R E A D  ---------------

Current thread (0x0000000001d50800):  JavaThread "Unknown thread" [_thread_in_vm, id=960, stack(0x0000000001c50000,0x0000000001d50000)]

Stack: [0x0000000001c50000,0x0000000001d50000]

---------------  P R O C E S S  ---------------

Java Threads: ( => current thread )

Other Threads:

=>0x0000000001d50800 (exited) JavaThread "Unknown thread" [_thread_in_vm, id=960, stack(0x0000000001c50000,0x0000000001d50000)]

VM state:not at safepoint (not fully initialized)

VM Mutex/Monitor currently owned by a thread: None

GC Heap History (0 events):
No events

Deoptimization events (0 events):
No events

Internal exceptions (0 events):
No events

Events (10 events):
Event: 0.033 loading class 0x0000000001d94df0 done
Event: 0.033 loading class 0x0000000001d94810 done
Event: 0.033 loading class 0x0000000001d947f0
Event: 0.034 loading class 0x0000000001d9c8f0
Event: 0.034 loading class 0x0000000001d9c8f0 done
Event: 0.034 loading class 0x0000000001d9c920
Event: 0.034 loading class 0x0000000001d9c920 done
Event: 0.034 loading class 0x0000000001d9c950
Event: 0.034 loading class 0x0000000001d9c950 done
Event: 0.034 loading class 0x0000000001d947f0 done


Dynamic libraries:
0x00007ff771360000 - 0x00007ff771393000 	C:\Program Files\Java\jre7\bin\javaw.exe
0x00007ffc4dec0000 - 0x00007ffc4e069000 	C:\WINDOWS\SYSTEM32\ntdll.dll
0x00007ffc4bb50000 - 0x00007ffc4bc89000 	C:\WINDOWS\system32\KERNEL32.DLL
0x00007ffc4b5f0000 - 0x00007ffc4b6ff000 	C:\WINDOWS\system32\KERNELBASE.dll
0x00007ffc49e20000 - 0x00007ffc49eab000 	C:\WINDOWS\system32\apphelp.dll
0x00007ffc39b70000 - 0x00007ffc39bbf000 	C:\WINDOWS\AppPatch\AppPatch64\AcGenral.DLL
0x00007ffc4bc90000 - 0x00007ffc4bd37000 	C:\WINDOWS\system32\msvcrt.dll
0x00007ffc4b050000 - 0x00007ffc4b07b000 	C:\WINDOWS\SYSTEM32\SspiCli.dll
0x00007ffc4b8d0000 - 0x00007ffc4b921000 	C:\WINDOWS\system32\SHLWAPI.dll
0x00007ffc4b750000 - 0x00007ffc4b8c1000 	C:\WINDOWS\system32\USER32.dll
0x00007ffc4daa0000 - 0x00007ffc4dc16000 	C:\WINDOWS\system32\ole32.dll
0x00007ffc4c560000 - 0x00007ffc4d970000 	C:\WINDOWS\system32\SHELL32.dll
0x00007ffc4a7a0000 - 0x00007ffc4a7bf000 	C:\WINDOWS\SYSTEM32\USERENV.dll
0x00007ffc4baa0000 - 0x00007ffc4bb45000 	C:\WINDOWS\system32\ADVAPI32.dll
0x00007ffc45d80000 - 0x00007ffc45d9b000 	C:\WINDOWS\SYSTEM32\MPR.dll
0x00007ffc4dcd0000 - 0x00007ffc4de06000 	C:\WINDOWS\system32\RPCRT4.dll
0x00007ffc4d970000 - 0x00007ffc4d9c7000 	C:\WINDOWS\SYSTEM32\sechost.dll
0x00007ffc4c320000 - 0x00007ffc4c4f7000 	C:\WINDOWS\SYSTEM32\combase.dll
0x00007ffc4bf90000 - 0x00007ffc4c0d5000 	C:\WINDOWS\system32\GDI32.dll
0x00007ffc4b240000 - 0x00007ffc4b254000 	C:\WINDOWS\SYSTEM32\profapi.dll
0x00007ffc49d70000 - 0x00007ffc49e11000 	C:\WINDOWS\SYSTEM32\SHCORE.dll
0x00007ffc4de10000 - 0x00007ffc4de44000 	C:\WINDOWS\system32\IMM32.DLL
0x00007ffc4b930000 - 0x00007ffc4ba68000 	C:\WINDOWS\system32\MSCTF.dll
0x00007ffc4b200000 - 0x00007ffc4b22f000 	C:\WINDOWS\system32\nvinitx.dll
0x000000000f000000 - 0x000000000f006000 	C:\Program Files\NVIDIA Corporation\CoProcManager\detoured.dll
0x00007ffc49600000 - 0x00007ffc4965f000 	C:\Program Files\NVIDIA Corporation\CoProcManager\nvd3d9wrapx.dll
0x00007ffc4bdb0000 - 0x00007ffc4bf86000 	C:\WINDOWS\system32\SETUPAPI.dll
0x00007ffc4b310000 - 0x00007ffc4b35a000 	C:\WINDOWS\system32\CFGMGR32.dll
0x00007ffc495b0000 - 0x00007ffc495f6000 	C:\Program Files\NVIDIA Corporation\CoProcManager\nvdxgiwrapx.dll
0x00007ffc49350000 - 0x00007ffc495aa000 	C:\WINDOWS\WinSxS\amd64_microsoft.windows.common-controls_6595b64144ccf1df_6.0.9600.16384_none_62475f7becb72503\COMCTL32.dll
0x000000006fc40000 - 0x000000006fd12000 	C:\Program Files\Java\jre7\bin\msvcr100.dll
0x000000006f470000 - 0x000000006fc39000 	C:\Program Files\Java\jre7\bin\server\jvm.dll
0x00007ffc42980000 - 0x00007ffc42989000 	C:\WINDOWS\SYSTEM32\WSOCK32.dll
0x00007ffc47b70000 - 0x00007ffc47b8f000 	C:\WINDOWS\SYSTEM32\WINMM.dll
0x00007ffc4d9d0000 - 0x00007ffc4d9d7000 	C:\WINDOWS\system32\PSAPI.DLL
0x00007ffc4c500000 - 0x00007ffc4c558000 	C:\WINDOWS\system32\WS2_32.dll
0x00007ffc47ad0000 - 0x00007ffc47afa000 	C:\WINDOWS\SYSTEM32\WINMMBASE.dll
0x00007ffc4de50000 - 0x00007ffc4de59000 	C:\WINDOWS\system32\NSI.dll
0x00007ffc4a0a0000 - 0x00007ffc4a0c6000 	C:\WINDOWS\SYSTEM32\DEVOBJ.dll
0x000000006f460000 - 0x000000006f46f000 	C:\Program Files\Java\jre7\bin\verify.dll
0x000000006f430000 - 0x000000006f458000 	C:\Program Files\Java\jre7\bin\java.dll
0x000000006f410000 - 0x000000006f425000 	C:\Program Files\Java\jre7\bin\zip.dll

VM Arguments:
jvm_args: -Dfile.encoding=Cp1252 -Xbootclasspath:C:\Users\zoruninho\Documents\TRAVAIL\ANDROID\adt-bundle-windows-x86_64-20131030\sdk\platforms\android-17\android.jar 
java_command: GRN.core.TestFrame
Launcher Type: SUN_STANDARD

Environment Variables:
JAVA_HOME=C:\Program Files\Java\jdk1.7.0_45
PATH=C:\Program Files (x86)\EasyPHP-DevServer-14.1VC11\binaries\php\php_runningversion;C:\Program Files (x86)\NVIDIA Corporation\PhysX\Common;C:\Program Files (x86)\EasyPHP-DevServer-13.1VC11\binaries\php\php_runningversion;C:\oraclexe\app\oracle\product\11.2.0\server\bin;C:\Program Files (x86)\Intel\iCLS Client\;C:\Program Files\Intel\iCLS Client\;C:\WINDOWS\system32;C:\WINDOWS;C:\WINDOWS\System32\Wbem;C:\WINDOWS\System32\WindowsPowerShell\v1.0\;C:\Program Files (x86)\Intel\OpenCL SDK\2.0\bin\x86;C:\Program Files (x86)\Intel\OpenCL SDK\2.0\bin\x64;C:\Program Files\Intel\Intel(R) Management Engine Components\DAL;C:\Program Files\Intel\Intel(R) Management Engine Components\IPT;C:\Program Files (x86)\Intel\Intel(R) Management Engine Components\DAL;C:\Program Files (x86)\Intel\Intel(R) Management Engine Components\IPT;C:\Program Files\Intel\WiFi\bin\;C:\Program Files\Common Files\Intel\WirelessCommon\;C:\Program Files (x86)\MySQL\MySQL Utilities 1.3.4\;C:\Program Files\TortoiseSVN\bin;C:\Program Files\Java\jdk1.7.0_45\bin;C:\Program Files\TortoiseGit\bin;C:\Users\zoruninho\AppData\Roaming\npm;C:\Program Files\Intel\WiFi\bin\;C:\Program Files\Common Files\Intel\WirelessCommon\
USERNAME=zoruninho
OS=Windows_NT
PROCESSOR_IDENTIFIER=Intel64 Family 6 Model 42 Stepping 7, GenuineIntel



---------------  S Y S T E M  ---------------

OS: Windows 8 , 64 bit Build 9200 

CPU:total 4 (2 cores per cpu, 2 threads per core) family 6 model 42 stepping 7, cmov, cx8, fxsr, mmx, sse, sse2, sse3, ssse3, sse4.1, sse4.2, popcnt, avx, aes, ht, tsc, tscinvbit

Memory: 4k page, physical 6062136k(2098928k free), swap 12353592k(6999360k free)

vm_info: Java HotSpot(TM) 64-Bit Server VM (24.45-b08) for windows-amd64 JRE (1.7.0_45-b18), built on Oct  8 2013 05:47:22 by "java_re" with unknown MS VC++:1600

time: Thu Mar 13 11:10:34 2014
elapsed time: 0 seconds

